Performing C SOURCE FILE Test CMAKE_HAVE_LIBC_PTHREAD failed with the following output:
Change Dir: /root/lv_examples/src/build/CMakeFiles/CMakeTmp

Run Build Command(s):/usr/bin/make cmTC_718e0/fast && /usr/bin/make -f CMakeFiles/cmTC_718e0.dir/build.make CMakeFiles/cmTC_718e0.dir/build
make[1]: Entering directory '/root/lv_examples/src/build/CMakeFiles/CMakeTmp'
Building C object CMakeFiles/cmTC_718e0.dir/src.c.o
/usr/bin/riscv64-linux-gnu-gcc   -DCMAKE_HAVE_LIBC_PTHREAD -fPIE   -o CMakeFiles/cmTC_718e0.dir/src.c.o   -c /root/lv_examples/src/build/CMakeFiles/CMakeTmp/src.c
Linking C executable cmTC_718e0
/usr/bin/cmake -E cmake_link_script CMakeFiles/cmTC_718e0.dir/link.txt --verbose=1
/usr/bin/riscv64-linux-gnu-gcc  -DCMAKE_HAVE_LIBC_PTHREAD    CMakeFiles/cmTC_718e0.dir/src.c.o  -o cmTC_718e0 
/opt/riscv/bin/../lib/gcc/riscv64-unknown-linux-gnu/8.1.0/../../../../riscv64-unknown-linux-gnu/bin/ld: CMakeFiles/cmTC_718e0.dir/src.c.o: in function `main':
src.c:(.text+0x3a): undefined reference to `pthread_create'
/opt/riscv/bin/../lib/gcc/riscv64-unknown-linux-gnu/8.1.0/../../../../riscv64-unknown-linux-gnu/bin/ld: src.c:(.text+0x44): undefined reference to `pthread_detach'
/opt/riscv/bin/../lib/gcc/riscv64-unknown-linux-gnu/8.1.0/../../../../riscv64-unknown-linux-gnu/bin/ld: src.c:(.text+0x50): undefined reference to `pthread_join'
collect2: error: ld returned 1 exit status
make[1]: *** [CMakeFiles/cmTC_718e0.dir/build.make:87: cmTC_718e0] Error 1
make[1]: Leaving directory '/root/lv_examples/src/build/CMakeFiles/CMakeTmp'
make: *** [Makefile:121: cmTC_718e0/fast] Error 2


Source file was:
#include <pthread.h>

void* test_func(void* data)
{
  return data;
}

int main(void)
{
  pthread_t thread;
  pthread_create(&thread, NULL, test_func, NULL);
  pthread_detach(thread);
  pthread_join(thread, NULL);
  pthread_atfork(NULL, NULL, NULL);
  pthread_exit(NULL);

  return 0;
}

