The system is: Linux - 4.4.0-22621-Microsoft - x86_64
Compiling the C compiler identification source file "CMakeCCompilerId.c" succeeded.
Compiler: /usr/bin/riscv64-linux-gnu-gcc 
Build flags: 
Id flags:  

The output was:
0


Compilation of the C compiler identification source "CMakeCCompilerId.c" produced "a.out"

The C compiler identification is GNU, found in "/root/lv_examples/src/build/CMakeFiles/3.16.3/CompilerIdC/a.out"

Compiling the CXX compiler identification source file "CMakeCXXCompilerId.cpp" succeeded.
Compiler: /usr/bin/riscv64-linux-gnu-g++ 
Build flags: 
Id flags:  

The output was:
0


Compilation of the CXX compiler identification source "CMakeCXXCompilerId.cpp" produced "a.out"

The CXX compiler identification is GNU, found in "/root/lv_examples/src/build/CMakeFiles/3.16.3/CompilerIdCXX/a.out"

Determining if the C compiler works passed with the following output:
Change Dir: /root/lv_examples/src/build/CMakeFiles/CMakeTmp

Run Build Command(s):/usr/bin/make cmTC_17370/fast && /usr/bin/make -f CMakeFiles/cmTC_17370.dir/build.make CMakeFiles/cmTC_17370.dir/build
make[1]: Entering directory '/root/lv_examples/src/build/CMakeFiles/CMakeTmp'
Building C object CMakeFiles/cmTC_17370.dir/testCCompiler.c.o
/usr/bin/riscv64-linux-gnu-gcc    -o CMakeFiles/cmTC_17370.dir/testCCompiler.c.o   -c /root/lv_examples/src/build/CMakeFiles/CMakeTmp/testCCompiler.c
Linking C executable cmTC_17370
/usr/bin/cmake -E cmake_link_script CMakeFiles/cmTC_17370.dir/link.txt --verbose=1
/usr/bin/riscv64-linux-gnu-gcc      CMakeFiles/cmTC_17370.dir/testCCompiler.c.o  -o cmTC_17370 
make[1]: Leaving directory '/root/lv_examples/src/build/CMakeFiles/CMakeTmp'



Detecting C compiler ABI info compiled with the following output:
Change Dir: /root/lv_examples/src/build/CMakeFiles/CMakeTmp

Run Build Command(s):/usr/bin/make cmTC_9d4b3/fast && /usr/bin/make -f CMakeFiles/cmTC_9d4b3.dir/build.make CMakeFiles/cmTC_9d4b3.dir/build
make[1]: Entering directory '/root/lv_examples/src/build/CMakeFiles/CMakeTmp'
Building C object CMakeFiles/cmTC_9d4b3.dir/CMakeCCompilerABI.c.o
/usr/bin/riscv64-linux-gnu-gcc   -v -o CMakeFiles/cmTC_9d4b3.dir/CMakeCCompilerABI.c.o   -c /usr/share/cmake-3.16/Modules/CMakeCCompilerABI.c
Using built-in specs.
COLLECT_GCC=/usr/bin/riscv64-linux-gnu-gcc
Target: riscv64-unknown-linux-gnu
Configured with: /ldhome/software/toolsbuild/slave/workspace/riscv64_build_linux_x86_64/build/../source/riscv/riscv-gcc/configure --target=riscv64-unknown-linux-gnu --with-mpc=/ldhome/software/toolsbuild/slave/workspace/riscv64_build_linux_x86_64/lib-for-gcc-x86_64-linux/ --with-mpfr=/ldhome/software/toolsbuild/slave/workspace/riscv64_build_linux_x86_64/lib-for-gcc-x86_64-linux/ --with-gmp=/ldhome/software/toolsbuild/slave/workspace/riscv64_build_linux_x86_64/lib-for-gcc-x86_64-linux/ --prefix=/ldhome/software/toolsbuild/slave/workspace/riscv64_build_linux_x86_64/install --with-sysroot=/ldhome/software/toolsbuild/slave/workspace/riscv64_build_linux_x86_64/install/sysroot --with-system-zlib --enable-shared --enable-tls --enable-languages=c,c++,fortran --disable-libmudflap --disable-libssp --disable-libquadmath --disable-nls --disable-bootstrap --src=../../source/riscv/riscv-gcc --enable-checking=yes --with-pkgversion='C-SKY RISCV Tools V1.8.4 B20200702' --enable-multilib --with-abi=lp64d --with-arch=rv64gcxthead 'CFLAGS_FOR_TARGET=-O2  -mcmodel=medany' 'CXXFLAGS_FOR_TARGET=-O2  -mcmodel=medany' CC=gcc CXX=g++
Thread model: posix
gcc version 8.1.0 (C-SKY RISCV Tools V1.8.4 B20200702) 
COLLECT_GCC_OPTIONS='-v' '-o' 'CMakeFiles/cmTC_9d4b3.dir/CMakeCCompilerABI.c.o' '-c' '-march=rv64gcxthead' '-mabi=lp64d'
 /opt/riscv/bin/../libexec/gcc/riscv64-unknown-linux-gnu/8.1.0/cc1 -quiet -v -imultilib lib64xthead/lp64d -iprefix /opt/riscv/bin/../lib/gcc/riscv64-unknown-linux-gnu/8.1.0/ -isysroot /opt/riscv/bin/../sysroot /usr/share/cmake-3.16/Modules/CMakeCCompilerABI.c -quiet -dumpbase CMakeCCompilerABI.c -march=rv64gcxthead -mabi=lp64d -auxbase-strip CMakeFiles/cmTC_9d4b3.dir/CMakeCCompilerABI.c.o -version -o /tmp/ccolc8kI.s
GNU C17 (C-SKY RISCV Tools V1.8.4 B20200702) version 8.1.0 (riscv64-unknown-linux-gnu)
	compiled by GNU C version 6.4.0, GMP version 6.2.0, MPFR version 4.0.2, MPC version 1.1.0, isl version none
GGC heuristics: --param ggc-min-expand=30 --param ggc-min-heapsize=4096
ignoring duplicate directory "/opt/riscv/bin/../lib/gcc/../../lib/gcc/riscv64-unknown-linux-gnu/8.1.0/include"
ignoring nonexistent directory "/opt/riscv/bin/../sysroot/usr/local/include"
ignoring duplicate directory "/opt/riscv/bin/../lib/gcc/../../lib/gcc/riscv64-unknown-linux-gnu/8.1.0/include-fixed"
ignoring duplicate directory "/opt/riscv/bin/../lib/gcc/../../lib/gcc/riscv64-unknown-linux-gnu/8.1.0/../../../../riscv64-unknown-linux-gnu/include"
#include "..." search starts here:
#include <...> search starts here:
 /opt/riscv/bin/../lib/gcc/riscv64-unknown-linux-gnu/8.1.0/include
 /opt/riscv/bin/../lib/gcc/riscv64-unknown-linux-gnu/8.1.0/include-fixed
 /opt/riscv/bin/../lib/gcc/riscv64-unknown-linux-gnu/8.1.0/../../../../riscv64-unknown-linux-gnu/include
 /opt/riscv/bin/../sysroot/usr/include
End of search list.
GNU C17 (C-SKY RISCV Tools V1.8.4 B20200702) version 8.1.0 (riscv64-unknown-linux-gnu)
	compiled by GNU C version 6.4.0, GMP version 6.2.0, MPFR version 4.0.2, MPC version 1.1.0, isl version none
GGC heuristics: --param ggc-min-expand=30 --param ggc-min-heapsize=4096
Compiler executable checksum: 017f597e560a357c07200a3f5b413ef3
COLLECT_GCC_OPTIONS='-v' '-o' 'CMakeFiles/cmTC_9d4b3.dir/CMakeCCompilerABI.c.o' '-c' '-march=rv64gcxthead' '-mabi=lp64d'
 /opt/riscv/bin/../lib/gcc/riscv64-unknown-linux-gnu/8.1.0/../../../../riscv64-unknown-linux-gnu/bin/as -v --traditional-format -march=rv64gcxthead -mabi=lp64d -o CMakeFiles/cmTC_9d4b3.dir/CMakeCCompilerABI.c.o /tmp/ccolc8kI.s
GNU assembler version 2.32 (riscv64-unknown-linux-gnu) using BFD version (GNU Binutils) 2.32
COMPILER_PATH=/opt/riscv/bin/../libexec/gcc/riscv64-unknown-linux-gnu/8.1.0/:/opt/riscv/bin/../libexec/gcc/:/opt/riscv/bin/../lib/gcc/riscv64-unknown-linux-gnu/8.1.0/../../../../riscv64-unknown-linux-gnu/bin/
LIBRARY_PATH=/opt/riscv/bin/../lib/gcc/riscv64-unknown-linux-gnu/8.1.0/lib64xthead/lp64d/:/opt/riscv/bin/../lib/gcc/riscv64-unknown-linux-gnu/8.1.0/../../../../riscv64-unknown-linux-gnu/lib/../lib64xthead/lp64d/:/opt/riscv/bin/../sysroot/lib/../lib64xthead/lp64d/:/opt/riscv/bin/../lib/gcc/riscv64-unknown-linux-gnu/8.1.0/:/opt/riscv/bin/../lib/gcc/:/opt/riscv/bin/../lib/gcc/riscv64-unknown-linux-gnu/8.1.0/../../../../riscv64-unknown-linux-gnu/lib/:/opt/riscv/bin/../sysroot/lib64xthead/lp64d/:/opt/riscv/bin/../sysroot/usr/lib64xthead/lp64d/:/opt/riscv/bin/../sysroot/lib/
COLLECT_GCC_OPTIONS='-v' '-o' 'CMakeFiles/cmTC_9d4b3.dir/CMakeCCompilerABI.c.o' '-c' '-march=rv64gcxthead' '-mabi=lp64d'
Linking C executable cmTC_9d4b3
/usr/bin/cmake -E cmake_link_script CMakeFiles/cmTC_9d4b3.dir/link.txt --verbose=1
/usr/bin/riscv64-linux-gnu-gcc     -v CMakeFiles/cmTC_9d4b3.dir/CMakeCCompilerABI.c.o  -o cmTC_9d4b3 
Using built-in specs.
COLLECT_GCC=/usr/bin/riscv64-linux-gnu-gcc
COLLECT_LTO_WRAPPER=/opt/riscv/bin/../libexec/gcc/riscv64-unknown-linux-gnu/8.1.0/lto-wrapper
Target: riscv64-unknown-linux-gnu
Configured with: /ldhome/software/toolsbuild/slave/workspace/riscv64_build_linux_x86_64/build/../source/riscv/riscv-gcc/configure --target=riscv64-unknown-linux-gnu --with-mpc=/ldhome/software/toolsbuild/slave/workspace/riscv64_build_linux_x86_64/lib-for-gcc-x86_64-linux/ --with-mpfr=/ldhome/software/toolsbuild/slave/workspace/riscv64_build_linux_x86_64/lib-for-gcc-x86_64-linux/ --with-gmp=/ldhome/software/toolsbuild/slave/workspace/riscv64_build_linux_x86_64/lib-for-gcc-x86_64-linux/ --prefix=/ldhome/software/toolsbuild/slave/workspace/riscv64_build_linux_x86_64/install --with-sysroot=/ldhome/software/toolsbuild/slave/workspace/riscv64_build_linux_x86_64/install/sysroot --with-system-zlib --enable-shared --enable-tls --enable-languages=c,c++,fortran --disable-libmudflap --disable-libssp --disable-libquadmath --disable-nls --disable-bootstrap --src=../../source/riscv/riscv-gcc --enable-checking=yes --with-pkgversion='C-SKY RISCV Tools V1.8.4 B20200702' --enable-multilib --with-abi=lp64d --with-arch=rv64gcxthead 'CFLAGS_FOR_TARGET=-O2  -mcmodel=medany' 'CXXFLAGS_FOR_TARGET=-O2  -mcmodel=medany' CC=gcc CXX=g++
Thread model: posix
gcc version 8.1.0 (C-SKY RISCV Tools V1.8.4 B20200702) 
COMPILER_PATH=/opt/riscv/bin/../libexec/gcc/riscv64-unknown-linux-gnu/8.1.0/:/opt/riscv/bin/../libexec/gcc/:/opt/riscv/bin/../lib/gcc/riscv64-unknown-linux-gnu/8.1.0/../../../../riscv64-unknown-linux-gnu/bin/
LIBRARY_PATH=/opt/riscv/bin/../lib/gcc/riscv64-unknown-linux-gnu/8.1.0/lib64xthead/lp64d/:/opt/riscv/bin/../lib/gcc/riscv64-unknown-linux-gnu/8.1.0/../../../../riscv64-unknown-linux-gnu/lib/../lib64xthead/lp64d/:/opt/riscv/bin/../sysroot/lib/../lib64xthead/lp64d/:/opt/riscv/bin/../lib/gcc/riscv64-unknown-linux-gnu/8.1.0/:/opt/riscv/bin/../lib/gcc/:/opt/riscv/bin/../lib/gcc/riscv64-unknown-linux-gnu/8.1.0/../../../../riscv64-unknown-linux-gnu/lib/:/opt/riscv/bin/../sysroot/lib64xthead/lp64d/:/opt/riscv/bin/../sysroot/usr/lib64xthead/lp64d/:/opt/riscv/bin/../sysroot/lib/
COLLECT_GCC_OPTIONS='-v' '-o' 'cmTC_9d4b3' '-march=rv64gcxthead' '-mabi=lp64d'
 /opt/riscv/bin/../libexec/gcc/riscv64-unknown-linux-gnu/8.1.0/collect2 -plugin /opt/riscv/bin/../libexec/gcc/riscv64-unknown-linux-gnu/8.1.0/liblto_plugin.so -plugin-opt=/opt/riscv/bin/../libexec/gcc/riscv64-unknown-linux-gnu/8.1.0/lto-wrapper -plugin-opt=-fresolution=/tmp/cc0jCv8T.res -plugin-opt=-pass-through=-lgcc -plugin-opt=-pass-through=-lgcc_s -plugin-opt=-pass-through=-lc -plugin-opt=-pass-through=-lgcc -plugin-opt=-pass-through=-lgcc_s --sysroot=/opt/riscv/bin/../sysroot --eh-frame-hdr -melf64lriscv -dynamic-linker /lib/ld-linux-riscv64xthead-lp64d.so.1 -o cmTC_9d4b3 /opt/riscv/bin/../sysroot/usr/lib64xthead/lp64d/crt1.o /opt/riscv/bin/../lib/gcc/riscv64-unknown-linux-gnu/8.1.0/lib64xthead/lp64d/crti.o /opt/riscv/bin/../lib/gcc/riscv64-unknown-linux-gnu/8.1.0/lib64xthead/lp64d/crtbegin.o -L/opt/riscv/bin/../lib/gcc/riscv64-unknown-linux-gnu/8.1.0/lib64xthead/lp64d -L/opt/riscv/bin/../lib/gcc/riscv64-unknown-linux-gnu/8.1.0/../../../../riscv64-unknown-linux-gnu/lib/../lib64xthead/lp64d -L/opt/riscv/bin/../sysroot/lib/../lib64xthead/lp64d -L/opt/riscv/bin/../lib/gcc/riscv64-unknown-linux-gnu/8.1.0 -L/opt/riscv/bin/../lib/gcc -L/opt/riscv/bin/../lib/gcc/riscv64-unknown-linux-gnu/8.1.0/../../../../riscv64-unknown-linux-gnu/lib -L/opt/riscv/bin/../sysroot/lib64xthead/lp64d -L/opt/riscv/bin/../sysroot/usr/lib64xthead/lp64d -L/opt/riscv/bin/../sysroot/lib CMakeFiles/cmTC_9d4b3.dir/CMakeCCompilerABI.c.o -lgcc --as-needed -lgcc_s --no-as-needed -lc -lgcc --as-needed -lgcc_s --no-as-needed /opt/riscv/bin/../lib/gcc/riscv64-unknown-linux-gnu/8.1.0/lib64xthead/lp64d/crtend.o /opt/riscv/bin/../lib/gcc/riscv64-unknown-linux-gnu/8.1.0/lib64xthead/lp64d/crtn.o
COLLECT_GCC_OPTIONS='-v' '-o' 'cmTC_9d4b3' '-march=rv64gcxthead' '-mabi=lp64d'
make[1]: Leaving directory '/root/lv_examples/src/build/CMakeFiles/CMakeTmp'



Parsed C implicit include dir info from above output: rv=done
  found start of include info
  found start of implicit include info
    add: [/opt/riscv/bin/../lib/gcc/riscv64-unknown-linux-gnu/8.1.0/include]
    add: [/opt/riscv/bin/../lib/gcc/riscv64-unknown-linux-gnu/8.1.0/include-fixed]
    add: [/opt/riscv/bin/../lib/gcc/riscv64-unknown-linux-gnu/8.1.0/../../../../riscv64-unknown-linux-gnu/include]
    add: [/opt/riscv/bin/../sysroot/usr/include]
  end of search list found
  collapse include dir [/opt/riscv/bin/../lib/gcc/riscv64-unknown-linux-gnu/8.1.0/include] ==> [/opt/riscv/lib/gcc/riscv64-unknown-linux-gnu/8.1.0/include]
  collapse include dir [/opt/riscv/bin/../lib/gcc/riscv64-unknown-linux-gnu/8.1.0/include-fixed] ==> [/opt/riscv/lib/gcc/riscv64-unknown-linux-gnu/8.1.0/include-fixed]
  collapse include dir [/opt/riscv/bin/../lib/gcc/riscv64-unknown-linux-gnu/8.1.0/../../../../riscv64-unknown-linux-gnu/include] ==> [/opt/riscv/riscv64-unknown-linux-gnu/include]
  collapse include dir [/opt/riscv/bin/../sysroot/usr/include] ==> [/opt/riscv/sysroot/usr/include]
  implicit include dirs: [/opt/riscv/lib/gcc/riscv64-unknown-linux-gnu/8.1.0/include;/opt/riscv/lib/gcc/riscv64-unknown-linux-gnu/8.1.0/include-fixed;/opt/riscv/riscv64-unknown-linux-gnu/include;/opt/riscv/sysroot/usr/include]


Parsed C implicit link information from above output:
  link line regex: [^( *|.*[/\])(ld|CMAKE_LINK_STARTFILE-NOTFOUND|([^/\]+-)?ld|collect2)[^/\]*( |$)]
  ignore line: [Change Dir: /root/lv_examples/src/build/CMakeFiles/CMakeTmp]
  ignore line: []
  ignore line: [Run Build Command(s):/usr/bin/make cmTC_9d4b3/fast && /usr/bin/make -f CMakeFiles/cmTC_9d4b3.dir/build.make CMakeFiles/cmTC_9d4b3.dir/build]
  ignore line: [make[1]: Entering directory '/root/lv_examples/src/build/CMakeFiles/CMakeTmp']
  ignore line: [Building C object CMakeFiles/cmTC_9d4b3.dir/CMakeCCompilerABI.c.o]
  ignore line: [/usr/bin/riscv64-linux-gnu-gcc   -v -o CMakeFiles/cmTC_9d4b3.dir/CMakeCCompilerABI.c.o   -c /usr/share/cmake-3.16/Modules/CMakeCCompilerABI.c]
  ignore line: [Using built-in specs.]
  ignore line: [COLLECT_GCC=/usr/bin/riscv64-linux-gnu-gcc]
  ignore line: [Target: riscv64-unknown-linux-gnu]
  ignore line: [Configured with: /ldhome/software/toolsbuild/slave/workspace/riscv64_build_linux_x86_64/build/../source/riscv/riscv-gcc/configure --target=riscv64-unknown-linux-gnu --with-mpc=/ldhome/software/toolsbuild/slave/workspace/riscv64_build_linux_x86_64/lib-for-gcc-x86_64-linux/ --with-mpfr=/ldhome/software/toolsbuild/slave/workspace/riscv64_build_linux_x86_64/lib-for-gcc-x86_64-linux/ --with-gmp=/ldhome/software/toolsbuild/slave/workspace/riscv64_build_linux_x86_64/lib-for-gcc-x86_64-linux/ --prefix=/ldhome/software/toolsbuild/slave/workspace/riscv64_build_linux_x86_64/install --with-sysroot=/ldhome/software/toolsbuild/slave/workspace/riscv64_build_linux_x86_64/install/sysroot --with-system-zlib --enable-shared --enable-tls --enable-languages=c c++ fortran --disable-libmudflap --disable-libssp --disable-libquadmath --disable-nls --disable-bootstrap --src=../../source/riscv/riscv-gcc --enable-checking=yes --with-pkgversion='C-SKY RISCV Tools V1.8.4 B20200702' --enable-multilib --with-abi=lp64d --with-arch=rv64gcxthead 'CFLAGS_FOR_TARGET=-O2  -mcmodel=medany' 'CXXFLAGS_FOR_TARGET=-O2  -mcmodel=medany' CC=gcc CXX=g++]
  ignore line: [Thread model: posix]
  ignore line: [gcc version 8.1.0 (C-SKY RISCV Tools V1.8.4 B20200702) ]
  ignore line: [COLLECT_GCC_OPTIONS='-v' '-o' 'CMakeFiles/cmTC_9d4b3.dir/CMakeCCompilerABI.c.o' '-c' '-march=rv64gcxthead' '-mabi=lp64d']
  ignore line: [ /opt/riscv/bin/../libexec/gcc/riscv64-unknown-linux-gnu/8.1.0/cc1 -quiet -v -imultilib lib64xthead/lp64d -iprefix /opt/riscv/bin/../lib/gcc/riscv64-unknown-linux-gnu/8.1.0/ -isysroot /opt/riscv/bin/../sysroot /usr/share/cmake-3.16/Modules/CMakeCCompilerABI.c -quiet -dumpbase CMakeCCompilerABI.c -march=rv64gcxthead -mabi=lp64d -auxbase-strip CMakeFiles/cmTC_9d4b3.dir/CMakeCCompilerABI.c.o -version -o /tmp/ccolc8kI.s]
  ignore line: [GNU C17 (C-SKY RISCV Tools V1.8.4 B20200702) version 8.1.0 (riscv64-unknown-linux-gnu)]
  ignore line: [	compiled by GNU C version 6.4.0  GMP version 6.2.0  MPFR version 4.0.2  MPC version 1.1.0  isl version none]
  ignore line: [GGC heuristics: --param ggc-min-expand=30 --param ggc-min-heapsize=4096]
  ignore line: [ignoring duplicate directory "/opt/riscv/bin/../lib/gcc/../../lib/gcc/riscv64-unknown-linux-gnu/8.1.0/include"]
  ignore line: [ignoring nonexistent directory "/opt/riscv/bin/../sysroot/usr/local/include"]
  ignore line: [ignoring duplicate directory "/opt/riscv/bin/../lib/gcc/../../lib/gcc/riscv64-unknown-linux-gnu/8.1.0/include-fixed"]
  ignore line: [ignoring duplicate directory "/opt/riscv/bin/../lib/gcc/../../lib/gcc/riscv64-unknown-linux-gnu/8.1.0/../../../../riscv64-unknown-linux-gnu/include"]
  ignore line: [#include "..." search starts here:]
  ignore line: [#include <...> search starts here:]
  ignore line: [ /opt/riscv/bin/../lib/gcc/riscv64-unknown-linux-gnu/8.1.0/include]
  ignore line: [ /opt/riscv/bin/../lib/gcc/riscv64-unknown-linux-gnu/8.1.0/include-fixed]
  ignore line: [ /opt/riscv/bin/../lib/gcc/riscv64-unknown-linux-gnu/8.1.0/../../../../riscv64-unknown-linux-gnu/include]
  ignore line: [ /opt/riscv/bin/../sysroot/usr/include]
  ignore line: [End of search list.]
  ignore line: [GNU C17 (C-SKY RISCV Tools V1.8.4 B20200702) version 8.1.0 (riscv64-unknown-linux-gnu)]
  ignore line: [	compiled by GNU C version 6.4.0  GMP version 6.2.0  MPFR version 4.0.2  MPC version 1.1.0  isl version none]
  ignore line: [GGC heuristics: --param ggc-min-expand=30 --param ggc-min-heapsize=4096]
  ignore line: [Compiler executable checksum: 017f597e560a357c07200a3f5b413ef3]
  ignore line: [COLLECT_GCC_OPTIONS='-v' '-o' 'CMakeFiles/cmTC_9d4b3.dir/CMakeCCompilerABI.c.o' '-c' '-march=rv64gcxthead' '-mabi=lp64d']
  ignore line: [ /opt/riscv/bin/../lib/gcc/riscv64-unknown-linux-gnu/8.1.0/../../../../riscv64-unknown-linux-gnu/bin/as -v --traditional-format -march=rv64gcxthead -mabi=lp64d -o CMakeFiles/cmTC_9d4b3.dir/CMakeCCompilerABI.c.o /tmp/ccolc8kI.s]
  ignore line: [GNU assembler version 2.32 (riscv64-unknown-linux-gnu) using BFD version (GNU Binutils) 2.32]
  ignore line: [COMPILER_PATH=/opt/riscv/bin/../libexec/gcc/riscv64-unknown-linux-gnu/8.1.0/:/opt/riscv/bin/../libexec/gcc/:/opt/riscv/bin/../lib/gcc/riscv64-unknown-linux-gnu/8.1.0/../../../../riscv64-unknown-linux-gnu/bin/]
  ignore line: [LIBRARY_PATH=/opt/riscv/bin/../lib/gcc/riscv64-unknown-linux-gnu/8.1.0/lib64xthead/lp64d/:/opt/riscv/bin/../lib/gcc/riscv64-unknown-linux-gnu/8.1.0/../../../../riscv64-unknown-linux-gnu/lib/../lib64xthead/lp64d/:/opt/riscv/bin/../sysroot/lib/../lib64xthead/lp64d/:/opt/riscv/bin/../lib/gcc/riscv64-unknown-linux-gnu/8.1.0/:/opt/riscv/bin/../lib/gcc/:/opt/riscv/bin/../lib/gcc/riscv64-unknown-linux-gnu/8.1.0/../../../../riscv64-unknown-linux-gnu/lib/:/opt/riscv/bin/../sysroot/lib64xthead/lp64d/:/opt/riscv/bin/../sysroot/usr/lib64xthead/lp64d/:/opt/riscv/bin/../sysroot/lib/]
  ignore line: [COLLECT_GCC_OPTIONS='-v' '-o' 'CMakeFiles/cmTC_9d4b3.dir/CMakeCCompilerABI.c.o' '-c' '-march=rv64gcxthead' '-mabi=lp64d']
  ignore line: [Linking C executable cmTC_9d4b3]
  ignore line: [/usr/bin/cmake -E cmake_link_script CMakeFiles/cmTC_9d4b3.dir/link.txt --verbose=1]
  ignore line: [/usr/bin/riscv64-linux-gnu-gcc     -v CMakeFiles/cmTC_9d4b3.dir/CMakeCCompilerABI.c.o  -o cmTC_9d4b3 ]
  ignore line: [Using built-in specs.]
  ignore line: [COLLECT_GCC=/usr/bin/riscv64-linux-gnu-gcc]
  ignore line: [COLLECT_LTO_WRAPPER=/opt/riscv/bin/../libexec/gcc/riscv64-unknown-linux-gnu/8.1.0/lto-wrapper]
  ignore line: [Target: riscv64-unknown-linux-gnu]
  ignore line: [Configured with: /ldhome/software/toolsbuild/slave/workspace/riscv64_build_linux_x86_64/build/../source/riscv/riscv-gcc/configure --target=riscv64-unknown-linux-gnu --with-mpc=/ldhome/software/toolsbuild/slave/workspace/riscv64_build_linux_x86_64/lib-for-gcc-x86_64-linux/ --with-mpfr=/ldhome/software/toolsbuild/slave/workspace/riscv64_build_linux_x86_64/lib-for-gcc-x86_64-linux/ --with-gmp=/ldhome/software/toolsbuild/slave/workspace/riscv64_build_linux_x86_64/lib-for-gcc-x86_64-linux/ --prefix=/ldhome/software/toolsbuild/slave/workspace/riscv64_build_linux_x86_64/install --with-sysroot=/ldhome/software/toolsbuild/slave/workspace/riscv64_build_linux_x86_64/install/sysroot --with-system-zlib --enable-shared --enable-tls --enable-languages=c c++ fortran --disable-libmudflap --disable-libssp --disable-libquadmath --disable-nls --disable-bootstrap --src=../../source/riscv/riscv-gcc --enable-checking=yes --with-pkgversion='C-SKY RISCV Tools V1.8.4 B20200702' --enable-multilib --with-abi=lp64d --with-arch=rv64gcxthead 'CFLAGS_FOR_TARGET=-O2  -mcmodel=medany' 'CXXFLAGS_FOR_TARGET=-O2  -mcmodel=medany' CC=gcc CXX=g++]
  ignore line: [Thread model: posix]
  ignore line: [gcc version 8.1.0 (C-SKY RISCV Tools V1.8.4 B20200702) ]
  ignore line: [COMPILER_PATH=/opt/riscv/bin/../libexec/gcc/riscv64-unknown-linux-gnu/8.1.0/:/opt/riscv/bin/../libexec/gcc/:/opt/riscv/bin/../lib/gcc/riscv64-unknown-linux-gnu/8.1.0/../../../../riscv64-unknown-linux-gnu/bin/]
  ignore line: [LIBRARY_PATH=/opt/riscv/bin/../lib/gcc/riscv64-unknown-linux-gnu/8.1.0/lib64xthead/lp64d/:/opt/riscv/bin/../lib/gcc/riscv64-unknown-linux-gnu/8.1.0/../../../../riscv64-unknown-linux-gnu/lib/../lib64xthead/lp64d/:/opt/riscv/bin/../sysroot/lib/../lib64xthead/lp64d/:/opt/riscv/bin/../lib/gcc/riscv64-unknown-linux-gnu/8.1.0/:/opt/riscv/bin/../lib/gcc/:/opt/riscv/bin/../lib/gcc/riscv64-unknown-linux-gnu/8.1.0/../../../../riscv64-unknown-linux-gnu/lib/:/opt/riscv/bin/../sysroot/lib64xthead/lp64d/:/opt/riscv/bin/../sysroot/usr/lib64xthead/lp64d/:/opt/riscv/bin/../sysroot/lib/]
  ignore line: [COLLECT_GCC_OPTIONS='-v' '-o' 'cmTC_9d4b3' '-march=rv64gcxthead' '-mabi=lp64d']
  link line: [ /opt/riscv/bin/../libexec/gcc/riscv64-unknown-linux-gnu/8.1.0/collect2 -plugin /opt/riscv/bin/../libexec/gcc/riscv64-unknown-linux-gnu/8.1.0/liblto_plugin.so -plugin-opt=/opt/riscv/bin/../libexec/gcc/riscv64-unknown-linux-gnu/8.1.0/lto-wrapper -plugin-opt=-fresolution=/tmp/cc0jCv8T.res -plugin-opt=-pass-through=-lgcc -plugin-opt=-pass-through=-lgcc_s -plugin-opt=-pass-through=-lc -plugin-opt=-pass-through=-lgcc -plugin-opt=-pass-through=-lgcc_s --sysroot=/opt/riscv/bin/../sysroot --eh-frame-hdr -melf64lriscv -dynamic-linker /lib/ld-linux-riscv64xthead-lp64d.so.1 -o cmTC_9d4b3 /opt/riscv/bin/../sysroot/usr/lib64xthead/lp64d/crt1.o /opt/riscv/bin/../lib/gcc/riscv64-unknown-linux-gnu/8.1.0/lib64xthead/lp64d/crti.o /opt/riscv/bin/../lib/gcc/riscv64-unknown-linux-gnu/8.1.0/lib64xthead/lp64d/crtbegin.o -L/opt/riscv/bin/../lib/gcc/riscv64-unknown-linux-gnu/8.1.0/lib64xthead/lp64d -L/opt/riscv/bin/../lib/gcc/riscv64-unknown-linux-gnu/8.1.0/../../../../riscv64-unknown-linux-gnu/lib/../lib64xthead/lp64d -L/opt/riscv/bin/../sysroot/lib/../lib64xthead/lp64d -L/opt/riscv/bin/../lib/gcc/riscv64-unknown-linux-gnu/8.1.0 -L/opt/riscv/bin/../lib/gcc -L/opt/riscv/bin/../lib/gcc/riscv64-unknown-linux-gnu/8.1.0/../../../../riscv64-unknown-linux-gnu/lib -L/opt/riscv/bin/../sysroot/lib64xthead/lp64d -L/opt/riscv/bin/../sysroot/usr/lib64xthead/lp64d -L/opt/riscv/bin/../sysroot/lib CMakeFiles/cmTC_9d4b3.dir/CMakeCCompilerABI.c.o -lgcc --as-needed -lgcc_s --no-as-needed -lc -lgcc --as-needed -lgcc_s --no-as-needed /opt/riscv/bin/../lib/gcc/riscv64-unknown-linux-gnu/8.1.0/lib64xthead/lp64d/crtend.o /opt/riscv/bin/../lib/gcc/riscv64-unknown-linux-gnu/8.1.0/lib64xthead/lp64d/crtn.o]
    arg [/opt/riscv/bin/../libexec/gcc/riscv64-unknown-linux-gnu/8.1.0/collect2] ==> ignore
    arg [-plugin] ==> ignore
    arg [/opt/riscv/bin/../libexec/gcc/riscv64-unknown-linux-gnu/8.1.0/liblto_plugin.so] ==> ignore
    arg [-plugin-opt=/opt/riscv/bin/../libexec/gcc/riscv64-unknown-linux-gnu/8.1.0/lto-wrapper] ==> ignore
    arg [-plugin-opt=-fresolution=/tmp/cc0jCv8T.res] ==> ignore
    arg [-plugin-opt=-pass-through=-lgcc] ==> ignore
    arg [-plugin-opt=-pass-through=-lgcc_s] ==> ignore
    arg [-plugin-opt=-pass-through=-lc] ==> ignore
    arg [-plugin-opt=-pass-through=-lgcc] ==> ignore
    arg [-plugin-opt=-pass-through=-lgcc_s] ==> ignore
    arg [--sysroot=/opt/riscv/bin/../sysroot] ==> ignore
    arg [--eh-frame-hdr] ==> ignore
    arg [-melf64lriscv] ==> ignore
    arg [-dynamic-linker] ==> ignore
    arg [/lib/ld-linux-riscv64xthead-lp64d.so.1] ==> ignore
    arg [-o] ==> ignore
    arg [cmTC_9d4b3] ==> ignore
    arg [/opt/riscv/bin/../sysroot/usr/lib64xthead/lp64d/crt1.o] ==> ignore
    arg [/opt/riscv/bin/../lib/gcc/riscv64-unknown-linux-gnu/8.1.0/lib64xthead/lp64d/crti.o] ==> ignore
    arg [/opt/riscv/bin/../lib/gcc/riscv64-unknown-linux-gnu/8.1.0/lib64xthead/lp64d/crtbegin.o] ==> ignore
    arg [-L/opt/riscv/bin/../lib/gcc/riscv64-unknown-linux-gnu/8.1.0/lib64xthead/lp64d] ==> dir [/opt/riscv/bin/../lib/gcc/riscv64-unknown-linux-gnu/8.1.0/lib64xthead/lp64d]
    arg [-L/opt/riscv/bin/../lib/gcc/riscv64-unknown-linux-gnu/8.1.0/../../../../riscv64-unknown-linux-gnu/lib/../lib64xthead/lp64d] ==> dir [/opt/riscv/bin/../lib/gcc/riscv64-unknown-linux-gnu/8.1.0/../../../../riscv64-unknown-linux-gnu/lib/../lib64xthead/lp64d]
    arg [-L/opt/riscv/bin/../sysroot/lib/../lib64xthead/lp64d] ==> dir [/opt/riscv/bin/../sysroot/lib/../lib64xthead/lp64d]
    arg [-L/opt/riscv/bin/../lib/gcc/riscv64-unknown-linux-gnu/8.1.0] ==> dir [/opt/riscv/bin/../lib/gcc/riscv64-unknown-linux-gnu/8.1.0]
    arg [-L/opt/riscv/bin/../lib/gcc] ==> dir [/opt/riscv/bin/../lib/gcc]
    arg [-L/opt/riscv/bin/../lib/gcc/riscv64-unknown-linux-gnu/8.1.0/../../../../riscv64-unknown-linux-gnu/lib] ==> dir [/opt/riscv/bin/../lib/gcc/riscv64-unknown-linux-gnu/8.1.0/../../../../riscv64-unknown-linux-gnu/lib]
    arg [-L/opt/riscv/bin/../sysroot/lib64xthead/lp64d] ==> dir [/opt/riscv/bin/../sysroot/lib64xthead/lp64d]
    arg [-L/opt/riscv/bin/../sysroot/usr/lib64xthead/lp64d] ==> dir [/opt/riscv/bin/../sysroot/usr/lib64xthead/lp64d]
    arg [-L/opt/riscv/bin/../sysroot/lib] ==> dir [/opt/riscv/bin/../sysroot/lib]
    arg [CMakeFiles/cmTC_9d4b3.dir/CMakeCCompilerABI.c.o] ==> ignore
    arg [-lgcc] ==> lib [gcc]
    arg [--as-needed] ==> ignore
    arg [-lgcc_s] ==> lib [gcc_s]
    arg [--no-as-needed] ==> ignore
    arg [-lc] ==> lib [c]
    arg [-lgcc] ==> lib [gcc]
    arg [--as-needed] ==> ignore
    arg [-lgcc_s] ==> lib [gcc_s]
    arg [--no-as-needed] ==> ignore
    arg [/opt/riscv/bin/../lib/gcc/riscv64-unknown-linux-gnu/8.1.0/lib64xthead/lp64d/crtend.o] ==> ignore
    arg [/opt/riscv/bin/../lib/gcc/riscv64-unknown-linux-gnu/8.1.0/lib64xthead/lp64d/crtn.o] ==> ignore
  collapse library dir [/opt/riscv/bin/../lib/gcc/riscv64-unknown-linux-gnu/8.1.0/lib64xthead/lp64d] ==> [/opt/riscv/lib/gcc/riscv64-unknown-linux-gnu/8.1.0/lib64xthead/lp64d]
  collapse library dir [/opt/riscv/bin/../lib/gcc/riscv64-unknown-linux-gnu/8.1.0/../../../../riscv64-unknown-linux-gnu/lib/../lib64xthead/lp64d] ==> [/opt/riscv/riscv64-unknown-linux-gnu/lib64xthead/lp64d]
  collapse library dir [/opt/riscv/bin/../sysroot/lib/../lib64xthead/lp64d] ==> [/opt/riscv/sysroot/lib64xthead/lp64d]
  collapse library dir [/opt/riscv/bin/../lib/gcc/riscv64-unknown-linux-gnu/8.1.0] ==> [/opt/riscv/lib/gcc/riscv64-unknown-linux-gnu/8.1.0]
  collapse library dir [/opt/riscv/bin/../lib/gcc] ==> [/opt/riscv/lib/gcc]
  collapse library dir [/opt/riscv/bin/../lib/gcc/riscv64-unknown-linux-gnu/8.1.0/../../../../riscv64-unknown-linux-gnu/lib] ==> [/opt/riscv/riscv64-unknown-linux-gnu/lib]
  collapse library dir [/opt/riscv/bin/../sysroot/lib64xthead/lp64d] ==> [/opt/riscv/sysroot/lib64xthead/lp64d]
  collapse library dir [/opt/riscv/bin/../sysroot/usr/lib64xthead/lp64d] ==> [/opt/riscv/sysroot/usr/lib64xthead/lp64d]
  collapse library dir [/opt/riscv/bin/../sysroot/lib] ==> [/opt/riscv/sysroot/lib]
  implicit libs: [gcc;gcc_s;c;gcc;gcc_s]
  implicit dirs: [/opt/riscv/lib/gcc/riscv64-unknown-linux-gnu/8.1.0/lib64xthead/lp64d;/opt/riscv/riscv64-unknown-linux-gnu/lib64xthead/lp64d;/opt/riscv/sysroot/lib64xthead/lp64d;/opt/riscv/lib/gcc/riscv64-unknown-linux-gnu/8.1.0;/opt/riscv/lib/gcc;/opt/riscv/riscv64-unknown-linux-gnu/lib;/opt/riscv/sysroot/usr/lib64xthead/lp64d;/opt/riscv/sysroot/lib]
  implicit fwks: []


Determining if the CXX compiler works passed with the following output:
Change Dir: /root/lv_examples/src/build/CMakeFiles/CMakeTmp

Run Build Command(s):/usr/bin/make cmTC_24217/fast && /usr/bin/make -f CMakeFiles/cmTC_24217.dir/build.make CMakeFiles/cmTC_24217.dir/build
make[1]: Entering directory '/root/lv_examples/src/build/CMakeFiles/CMakeTmp'
Building CXX object CMakeFiles/cmTC_24217.dir/testCXXCompiler.cxx.o
/usr/bin/riscv64-linux-gnu-g++     -o CMakeFiles/cmTC_24217.dir/testCXXCompiler.cxx.o -c /root/lv_examples/src/build/CMakeFiles/CMakeTmp/testCXXCompiler.cxx
Linking CXX executable cmTC_24217
/usr/bin/cmake -E cmake_link_script CMakeFiles/cmTC_24217.dir/link.txt --verbose=1
/usr/bin/riscv64-linux-gnu-g++       CMakeFiles/cmTC_24217.dir/testCXXCompiler.cxx.o  -o cmTC_24217 
make[1]: Leaving directory '/root/lv_examples/src/build/CMakeFiles/CMakeTmp'



Detecting CXX compiler ABI info compiled with the following output:
Change Dir: /root/lv_examples/src/build/CMakeFiles/CMakeTmp

Run Build Command(s):/usr/bin/make cmTC_e1062/fast && /usr/bin/make -f CMakeFiles/cmTC_e1062.dir/build.make CMakeFiles/cmTC_e1062.dir/build
make[1]: Entering directory '/root/lv_examples/src/build/CMakeFiles/CMakeTmp'
Building CXX object CMakeFiles/cmTC_e1062.dir/CMakeCXXCompilerABI.cpp.o
/usr/bin/riscv64-linux-gnu-g++    -v -o CMakeFiles/cmTC_e1062.dir/CMakeCXXCompilerABI.cpp.o -c /usr/share/cmake-3.16/Modules/CMakeCXXCompilerABI.cpp
Using built-in specs.
COLLECT_GCC=/usr/bin/riscv64-linux-gnu-g++
Target: riscv64-unknown-linux-gnu
Configured with: /ldhome/software/toolsbuild/slave/workspace/riscv64_build_linux_x86_64/build/../source/riscv/riscv-gcc/configure --target=riscv64-unknown-linux-gnu --with-mpc=/ldhome/software/toolsbuild/slave/workspace/riscv64_build_linux_x86_64/lib-for-gcc-x86_64-linux/ --with-mpfr=/ldhome/software/toolsbuild/slave/workspace/riscv64_build_linux_x86_64/lib-for-gcc-x86_64-linux/ --with-gmp=/ldhome/software/toolsbuild/slave/workspace/riscv64_build_linux_x86_64/lib-for-gcc-x86_64-linux/ --prefix=/ldhome/software/toolsbuild/slave/workspace/riscv64_build_linux_x86_64/install --with-sysroot=/ldhome/software/toolsbuild/slave/workspace/riscv64_build_linux_x86_64/install/sysroot --with-system-zlib --enable-shared --enable-tls --enable-languages=c,c++,fortran --disable-libmudflap --disable-libssp --disable-libquadmath --disable-nls --disable-bootstrap --src=../../source/riscv/riscv-gcc --enable-checking=yes --with-pkgversion='C-SKY RISCV Tools V1.8.4 B20200702' --enable-multilib --with-abi=lp64d --with-arch=rv64gcxthead 'CFLAGS_FOR_TARGET=-O2  -mcmodel=medany' 'CXXFLAGS_FOR_TARGET=-O2  -mcmodel=medany' CC=gcc CXX=g++
Thread model: posix
gcc version 8.1.0 (C-SKY RISCV Tools V1.8.4 B20200702) 
COLLECT_GCC_OPTIONS='-v' '-o' 'CMakeFiles/cmTC_e1062.dir/CMakeCXXCompilerABI.cpp.o' '-c' '-shared-libgcc' '-march=rv64gcxthead' '-mabi=lp64d'
 /opt/riscv/bin/../libexec/gcc/riscv64-unknown-linux-gnu/8.1.0/cc1plus -quiet -v -imultilib lib64xthead/lp64d -iprefix /opt/riscv/bin/../lib/gcc/riscv64-unknown-linux-gnu/8.1.0/ -isysroot /opt/riscv/bin/../sysroot -D_GNU_SOURCE /usr/share/cmake-3.16/Modules/CMakeCXXCompilerABI.cpp -quiet -dumpbase CMakeCXXCompilerABI.cpp -march=rv64gcxthead -mabi=lp64d -auxbase-strip CMakeFiles/cmTC_e1062.dir/CMakeCXXCompilerABI.cpp.o -version -o /tmp/ccl03lgH.s
GNU C++14 (C-SKY RISCV Tools V1.8.4 B20200702) version 8.1.0 (riscv64-unknown-linux-gnu)
	compiled by GNU C version 6.4.0, GMP version 6.2.0, MPFR version 4.0.2, MPC version 1.1.0, isl version none
GGC heuristics: --param ggc-min-expand=30 --param ggc-min-heapsize=4096
ignoring duplicate directory "/opt/riscv/bin/../lib/gcc/../../lib/gcc/riscv64-unknown-linux-gnu/8.1.0/../../../../riscv64-unknown-linux-gnu/include/c++/8.1.0"
ignoring duplicate directory "/opt/riscv/bin/../lib/gcc/../../lib/gcc/riscv64-unknown-linux-gnu/8.1.0/../../../../riscv64-unknown-linux-gnu/include/c++/8.1.0/riscv64-unknown-linux-gnu/lib64xthead/lp64d"
ignoring duplicate directory "/opt/riscv/bin/../lib/gcc/../../lib/gcc/riscv64-unknown-linux-gnu/8.1.0/../../../../riscv64-unknown-linux-gnu/include/c++/8.1.0/backward"
ignoring duplicate directory "/opt/riscv/bin/../lib/gcc/../../lib/gcc/riscv64-unknown-linux-gnu/8.1.0/include"
ignoring nonexistent directory "/opt/riscv/bin/../sysroot/usr/local/include"
ignoring duplicate directory "/opt/riscv/bin/../lib/gcc/../../lib/gcc/riscv64-unknown-linux-gnu/8.1.0/include-fixed"
ignoring duplicate directory "/opt/riscv/bin/../lib/gcc/../../lib/gcc/riscv64-unknown-linux-gnu/8.1.0/../../../../riscv64-unknown-linux-gnu/include"
#include "..." search starts here:
#include <...> search starts here:
 /opt/riscv/bin/../lib/gcc/riscv64-unknown-linux-gnu/8.1.0/../../../../riscv64-unknown-linux-gnu/include/c++/8.1.0
 /opt/riscv/bin/../lib/gcc/riscv64-unknown-linux-gnu/8.1.0/../../../../riscv64-unknown-linux-gnu/include/c++/8.1.0/riscv64-unknown-linux-gnu/lib64xthead/lp64d
 /opt/riscv/bin/../lib/gcc/riscv64-unknown-linux-gnu/8.1.0/../../../../riscv64-unknown-linux-gnu/include/c++/8.1.0/backward
 /opt/riscv/bin/../lib/gcc/riscv64-unknown-linux-gnu/8.1.0/include
 /opt/riscv/bin/../lib/gcc/riscv64-unknown-linux-gnu/8.1.0/include-fixed
 /opt/riscv/bin/../lib/gcc/riscv64-unknown-linux-gnu/8.1.0/../../../../riscv64-unknown-linux-gnu/include
 /opt/riscv/bin/../sysroot/usr/include
End of search list.
GNU C++14 (C-SKY RISCV Tools V1.8.4 B20200702) version 8.1.0 (riscv64-unknown-linux-gnu)
	compiled by GNU C version 6.4.0, GMP version 6.2.0, MPFR version 4.0.2, MPC version 1.1.0, isl version none
GGC heuristics: --param ggc-min-expand=30 --param ggc-min-heapsize=4096
Compiler executable checksum: b3b4cc578dd9751e3918117001c232cd
COLLECT_GCC_OPTIONS='-v' '-o' 'CMakeFiles/cmTC_e1062.dir/CMakeCXXCompilerABI.cpp.o' '-c' '-shared-libgcc' '-march=rv64gcxthead' '-mabi=lp64d'
 /opt/riscv/bin/../lib/gcc/riscv64-unknown-linux-gnu/8.1.0/../../../../riscv64-unknown-linux-gnu/bin/as -v --traditional-format -march=rv64gcxthead -mabi=lp64d -o CMakeFiles/cmTC_e1062.dir/CMakeCXXCompilerABI.cpp.o /tmp/ccl03lgH.s
GNU assembler version 2.32 (riscv64-unknown-linux-gnu) using BFD version (GNU Binutils) 2.32
COMPILER_PATH=/opt/riscv/bin/../libexec/gcc/riscv64-unknown-linux-gnu/8.1.0/:/opt/riscv/bin/../libexec/gcc/:/opt/riscv/bin/../lib/gcc/riscv64-unknown-linux-gnu/8.1.0/../../../../riscv64-unknown-linux-gnu/bin/
LIBRARY_PATH=/opt/riscv/bin/../lib/gcc/riscv64-unknown-linux-gnu/8.1.0/lib64xthead/lp64d/:/opt/riscv/bin/../lib/gcc/riscv64-unknown-linux-gnu/8.1.0/../../../../riscv64-unknown-linux-gnu/lib/../lib64xthead/lp64d/:/opt/riscv/bin/../sysroot/lib/../lib64xthead/lp64d/:/opt/riscv/bin/../lib/gcc/riscv64-unknown-linux-gnu/8.1.0/:/opt/riscv/bin/../lib/gcc/:/opt/riscv/bin/../lib/gcc/riscv64-unknown-linux-gnu/8.1.0/../../../../riscv64-unknown-linux-gnu/lib/:/opt/riscv/bin/../sysroot/lib64xthead/lp64d/:/opt/riscv/bin/../sysroot/usr/lib64xthead/lp64d/:/opt/riscv/bin/../sysroot/lib/
COLLECT_GCC_OPTIONS='-v' '-o' 'CMakeFiles/cmTC_e1062.dir/CMakeCXXCompilerABI.cpp.o' '-c' '-shared-libgcc' '-march=rv64gcxthead' '-mabi=lp64d'
Linking CXX executable cmTC_e1062
/usr/bin/cmake -E cmake_link_script CMakeFiles/cmTC_e1062.dir/link.txt --verbose=1
/usr/bin/riscv64-linux-gnu-g++      -v CMakeFiles/cmTC_e1062.dir/CMakeCXXCompilerABI.cpp.o  -o cmTC_e1062 
Using built-in specs.
COLLECT_GCC=/usr/bin/riscv64-linux-gnu-g++
COLLECT_LTO_WRAPPER=/opt/riscv/bin/../libexec/gcc/riscv64-unknown-linux-gnu/8.1.0/lto-wrapper
Target: riscv64-unknown-linux-gnu
Configured with: /ldhome/software/toolsbuild/slave/workspace/riscv64_build_linux_x86_64/build/../source/riscv/riscv-gcc/configure --target=riscv64-unknown-linux-gnu --with-mpc=/ldhome/software/toolsbuild/slave/workspace/riscv64_build_linux_x86_64/lib-for-gcc-x86_64-linux/ --with-mpfr=/ldhome/software/toolsbuild/slave/workspace/riscv64_build_linux_x86_64/lib-for-gcc-x86_64-linux/ --with-gmp=/ldhome/software/toolsbuild/slave/workspace/riscv64_build_linux_x86_64/lib-for-gcc-x86_64-linux/ --prefix=/ldhome/software/toolsbuild/slave/workspace/riscv64_build_linux_x86_64/install --with-sysroot=/ldhome/software/toolsbuild/slave/workspace/riscv64_build_linux_x86_64/install/sysroot --with-system-zlib --enable-shared --enable-tls --enable-languages=c,c++,fortran --disable-libmudflap --disable-libssp --disable-libquadmath --disable-nls --disable-bootstrap --src=../../source/riscv/riscv-gcc --enable-checking=yes --with-pkgversion='C-SKY RISCV Tools V1.8.4 B20200702' --enable-multilib --with-abi=lp64d --with-arch=rv64gcxthead 'CFLAGS_FOR_TARGET=-O2  -mcmodel=medany' 'CXXFLAGS_FOR_TARGET=-O2  -mcmodel=medany' CC=gcc CXX=g++
Thread model: posix
gcc version 8.1.0 (C-SKY RISCV Tools V1.8.4 B20200702) 
COMPILER_PATH=/opt/riscv/bin/../libexec/gcc/riscv64-unknown-linux-gnu/8.1.0/:/opt/riscv/bin/../libexec/gcc/:/opt/riscv/bin/../lib/gcc/riscv64-unknown-linux-gnu/8.1.0/../../../../riscv64-unknown-linux-gnu/bin/
LIBRARY_PATH=/opt/riscv/bin/../lib/gcc/riscv64-unknown-linux-gnu/8.1.0/lib64xthead/lp64d/:/opt/riscv/bin/../lib/gcc/riscv64-unknown-linux-gnu/8.1.0/../../../../riscv64-unknown-linux-gnu/lib/../lib64xthead/lp64d/:/opt/riscv/bin/../sysroot/lib/../lib64xthead/lp64d/:/opt/riscv/bin/../lib/gcc/riscv64-unknown-linux-gnu/8.1.0/:/opt/riscv/bin/../lib/gcc/:/opt/riscv/bin/../lib/gcc/riscv64-unknown-linux-gnu/8.1.0/../../../../riscv64-unknown-linux-gnu/lib/:/opt/riscv/bin/../sysroot/lib64xthead/lp64d/:/opt/riscv/bin/../sysroot/usr/lib64xthead/lp64d/:/opt/riscv/bin/../sysroot/lib/
COLLECT_GCC_OPTIONS='-v' '-o' 'cmTC_e1062' '-shared-libgcc' '-march=rv64gcxthead' '-mabi=lp64d'
 /opt/riscv/bin/../libexec/gcc/riscv64-unknown-linux-gnu/8.1.0/collect2 -plugin /opt/riscv/bin/../libexec/gcc/riscv64-unknown-linux-gnu/8.1.0/liblto_plugin.so -plugin-opt=/opt/riscv/bin/../libexec/gcc/riscv64-unknown-linux-gnu/8.1.0/lto-wrapper -plugin-opt=-fresolution=/tmp/ccXOOiYW.res -plugin-opt=-pass-through=-lgcc_s -plugin-opt=-pass-through=-lgcc -plugin-opt=-pass-through=-lc -plugin-opt=-pass-through=-lgcc_s -plugin-opt=-pass-through=-lgcc --sysroot=/opt/riscv/bin/../sysroot --eh-frame-hdr -melf64lriscv -dynamic-linker /lib/ld-linux-riscv64xthead-lp64d.so.1 -o cmTC_e1062 /opt/riscv/bin/../sysroot/usr/lib64xthead/lp64d/crt1.o /opt/riscv/bin/../lib/gcc/riscv64-unknown-linux-gnu/8.1.0/lib64xthead/lp64d/crti.o /opt/riscv/bin/../lib/gcc/riscv64-unknown-linux-gnu/8.1.0/lib64xthead/lp64d/crtbegin.o -L/opt/riscv/bin/../lib/gcc/riscv64-unknown-linux-gnu/8.1.0/lib64xthead/lp64d -L/opt/riscv/bin/../lib/gcc/riscv64-unknown-linux-gnu/8.1.0/../../../../riscv64-unknown-linux-gnu/lib/../lib64xthead/lp64d -L/opt/riscv/bin/../sysroot/lib/../lib64xthead/lp64d -L/opt/riscv/bin/../lib/gcc/riscv64-unknown-linux-gnu/8.1.0 -L/opt/riscv/bin/../lib/gcc -L/opt/riscv/bin/../lib/gcc/riscv64-unknown-linux-gnu/8.1.0/../../../../riscv64-unknown-linux-gnu/lib -L/opt/riscv/bin/../sysroot/lib64xthead/lp64d -L/opt/riscv/bin/../sysroot/usr/lib64xthead/lp64d -L/opt/riscv/bin/../sysroot/lib CMakeFiles/cmTC_e1062.dir/CMakeCXXCompilerABI.cpp.o -lstdc++ -lm -lgcc_s -lgcc -lc -lgcc_s -lgcc /opt/riscv/bin/../lib/gcc/riscv64-unknown-linux-gnu/8.1.0/lib64xthead/lp64d/crtend.o /opt/riscv/bin/../lib/gcc/riscv64-unknown-linux-gnu/8.1.0/lib64xthead/lp64d/crtn.o
COLLECT_GCC_OPTIONS='-v' '-o' 'cmTC_e1062' '-shared-libgcc' '-march=rv64gcxthead' '-mabi=lp64d'
make[1]: Leaving directory '/root/lv_examples/src/build/CMakeFiles/CMakeTmp'



Parsed CXX implicit include dir info from above output: rv=done
  found start of include info
  found start of implicit include info
    add: [/opt/riscv/bin/../lib/gcc/riscv64-unknown-linux-gnu/8.1.0/../../../../riscv64-unknown-linux-gnu/include/c++/8.1.0]
    add: [/opt/riscv/bin/../lib/gcc/riscv64-unknown-linux-gnu/8.1.0/../../../../riscv64-unknown-linux-gnu/include/c++/8.1.0/riscv64-unknown-linux-gnu/lib64xthead/lp64d]
    add: [/opt/riscv/bin/../lib/gcc/riscv64-unknown-linux-gnu/8.1.0/../../../../riscv64-unknown-linux-gnu/include/c++/8.1.0/backward]
    add: [/opt/riscv/bin/../lib/gcc/riscv64-unknown-linux-gnu/8.1.0/include]
    add: [/opt/riscv/bin/../lib/gcc/riscv64-unknown-linux-gnu/8.1.0/include-fixed]
    add: [/opt/riscv/bin/../lib/gcc/riscv64-unknown-linux-gnu/8.1.0/../../../../riscv64-unknown-linux-gnu/include]
    add: [/opt/riscv/bin/../sysroot/usr/include]
  end of search list found
  collapse include dir [/opt/riscv/bin/../lib/gcc/riscv64-unknown-linux-gnu/8.1.0/../../../../riscv64-unknown-linux-gnu/include/c++/8.1.0] ==> [/opt/riscv/riscv64-unknown-linux-gnu/include/c++/8.1.0]
  collapse include dir [/opt/riscv/bin/../lib/gcc/riscv64-unknown-linux-gnu/8.1.0/../../../../riscv64-unknown-linux-gnu/include/c++/8.1.0/riscv64-unknown-linux-gnu/lib64xthead/lp64d] ==> [/opt/riscv/riscv64-unknown-linux-gnu/include/c++/8.1.0/riscv64-unknown-linux-gnu/lib64xthead/lp64d]
  collapse include dir [/opt/riscv/bin/../lib/gcc/riscv64-unknown-linux-gnu/8.1.0/../../../../riscv64-unknown-linux-gnu/include/c++/8.1.0/backward] ==> [/opt/riscv/riscv64-unknown-linux-gnu/include/c++/8.1.0/backward]
  collapse include dir [/opt/riscv/bin/../lib/gcc/riscv64-unknown-linux-gnu/8.1.0/include] ==> [/opt/riscv/lib/gcc/riscv64-unknown-linux-gnu/8.1.0/include]
  collapse include dir [/opt/riscv/bin/../lib/gcc/riscv64-unknown-linux-gnu/8.1.0/include-fixed] ==> [/opt/riscv/lib/gcc/riscv64-unknown-linux-gnu/8.1.0/include-fixed]
  collapse include dir [/opt/riscv/bin/../lib/gcc/riscv64-unknown-linux-gnu/8.1.0/../../../../riscv64-unknown-linux-gnu/include] ==> [/opt/riscv/riscv64-unknown-linux-gnu/include]
  collapse include dir [/opt/riscv/bin/../sysroot/usr/include] ==> [/opt/riscv/sysroot/usr/include]
  implicit include dirs: [/opt/riscv/riscv64-unknown-linux-gnu/include/c++/8.1.0;/opt/riscv/riscv64-unknown-linux-gnu/include/c++/8.1.0/riscv64-unknown-linux-gnu/lib64xthead/lp64d;/opt/riscv/riscv64-unknown-linux-gnu/include/c++/8.1.0/backward;/opt/riscv/lib/gcc/riscv64-unknown-linux-gnu/8.1.0/include;/opt/riscv/lib/gcc/riscv64-unknown-linux-gnu/8.1.0/include-fixed;/opt/riscv/riscv64-unknown-linux-gnu/include;/opt/riscv/sysroot/usr/include]


Parsed CXX implicit link information from above output:
  link line regex: [^( *|.*[/\])(ld|CMAKE_LINK_STARTFILE-NOTFOUND|([^/\]+-)?ld|collect2)[^/\]*( |$)]
  ignore line: [Change Dir: /root/lv_examples/src/build/CMakeFiles/CMakeTmp]
  ignore line: []
  ignore line: [Run Build Command(s):/usr/bin/make cmTC_e1062/fast && /usr/bin/make -f CMakeFiles/cmTC_e1062.dir/build.make CMakeFiles/cmTC_e1062.dir/build]
  ignore line: [make[1]: Entering directory '/root/lv_examples/src/build/CMakeFiles/CMakeTmp']
  ignore line: [Building CXX object CMakeFiles/cmTC_e1062.dir/CMakeCXXCompilerABI.cpp.o]
  ignore line: [/usr/bin/riscv64-linux-gnu-g++    -v -o CMakeFiles/cmTC_e1062.dir/CMakeCXXCompilerABI.cpp.o -c /usr/share/cmake-3.16/Modules/CMakeCXXCompilerABI.cpp]
  ignore line: [Using built-in specs.]
  ignore line: [COLLECT_GCC=/usr/bin/riscv64-linux-gnu-g++]
  ignore line: [Target: riscv64-unknown-linux-gnu]
  ignore line: [Configured with: /ldhome/software/toolsbuild/slave/workspace/riscv64_build_linux_x86_64/build/../source/riscv/riscv-gcc/configure --target=riscv64-unknown-linux-gnu --with-mpc=/ldhome/software/toolsbuild/slave/workspace/riscv64_build_linux_x86_64/lib-for-gcc-x86_64-linux/ --with-mpfr=/ldhome/software/toolsbuild/slave/workspace/riscv64_build_linux_x86_64/lib-for-gcc-x86_64-linux/ --with-gmp=/ldhome/software/toolsbuild/slave/workspace/riscv64_build_linux_x86_64/lib-for-gcc-x86_64-linux/ --prefix=/ldhome/software/toolsbuild/slave/workspace/riscv64_build_linux_x86_64/install --with-sysroot=/ldhome/software/toolsbuild/slave/workspace/riscv64_build_linux_x86_64/install/sysroot --with-system-zlib --enable-shared --enable-tls --enable-languages=c c++ fortran --disable-libmudflap --disable-libssp --disable-libquadmath --disable-nls --disable-bootstrap --src=../../source/riscv/riscv-gcc --enable-checking=yes --with-pkgversion='C-SKY RISCV Tools V1.8.4 B20200702' --enable-multilib --with-abi=lp64d --with-arch=rv64gcxthead 'CFLAGS_FOR_TARGET=-O2  -mcmodel=medany' 'CXXFLAGS_FOR_TARGET=-O2  -mcmodel=medany' CC=gcc CXX=g++]
  ignore line: [Thread model: posix]
  ignore line: [gcc version 8.1.0 (C-SKY RISCV Tools V1.8.4 B20200702) ]
  ignore line: [COLLECT_GCC_OPTIONS='-v' '-o' 'CMakeFiles/cmTC_e1062.dir/CMakeCXXCompilerABI.cpp.o' '-c' '-shared-libgcc' '-march=rv64gcxthead' '-mabi=lp64d']
  ignore line: [ /opt/riscv/bin/../libexec/gcc/riscv64-unknown-linux-gnu/8.1.0/cc1plus -quiet -v -imultilib lib64xthead/lp64d -iprefix /opt/riscv/bin/../lib/gcc/riscv64-unknown-linux-gnu/8.1.0/ -isysroot /opt/riscv/bin/../sysroot -D_GNU_SOURCE /usr/share/cmake-3.16/Modules/CMakeCXXCompilerABI.cpp -quiet -dumpbase CMakeCXXCompilerABI.cpp -march=rv64gcxthead -mabi=lp64d -auxbase-strip CMakeFiles/cmTC_e1062.dir/CMakeCXXCompilerABI.cpp.o -version -o /tmp/ccl03lgH.s]
  ignore line: [GNU C++14 (C-SKY RISCV Tools V1.8.4 B20200702) version 8.1.0 (riscv64-unknown-linux-gnu)]
  ignore line: [	compiled by GNU C version 6.4.0  GMP version 6.2.0  MPFR version 4.0.2  MPC version 1.1.0  isl version none]
  ignore line: [GGC heuristics: --param ggc-min-expand=30 --param ggc-min-heapsize=4096]
  ignore line: [ignoring duplicate directory "/opt/riscv/bin/../lib/gcc/../../lib/gcc/riscv64-unknown-linux-gnu/8.1.0/../../../../riscv64-unknown-linux-gnu/include/c++/8.1.0"]
  ignore line: [ignoring duplicate directory "/opt/riscv/bin/../lib/gcc/../../lib/gcc/riscv64-unknown-linux-gnu/8.1.0/../../../../riscv64-unknown-linux-gnu/include/c++/8.1.0/riscv64-unknown-linux-gnu/lib64xthead/lp64d"]
  ignore line: [ignoring duplicate directory "/opt/riscv/bin/../lib/gcc/../../lib/gcc/riscv64-unknown-linux-gnu/8.1.0/../../../../riscv64-unknown-linux-gnu/include/c++/8.1.0/backward"]
  ignore line: [ignoring duplicate directory "/opt/riscv/bin/../lib/gcc/../../lib/gcc/riscv64-unknown-linux-gnu/8.1.0/include"]
  ignore line: [ignoring nonexistent directory "/opt/riscv/bin/../sysroot/usr/local/include"]
  ignore line: [ignoring duplicate directory "/opt/riscv/bin/../lib/gcc/../../lib/gcc/riscv64-unknown-linux-gnu/8.1.0/include-fixed"]
  ignore line: [ignoring duplicate directory "/opt/riscv/bin/../lib/gcc/../../lib/gcc/riscv64-unknown-linux-gnu/8.1.0/../../../../riscv64-unknown-linux-gnu/include"]
  ignore line: [#include "..." search starts here:]
  ignore line: [#include <...> search starts here:]
  ignore line: [ /opt/riscv/bin/../lib/gcc/riscv64-unknown-linux-gnu/8.1.0/../../../../riscv64-unknown-linux-gnu/include/c++/8.1.0]
  ignore line: [ /opt/riscv/bin/../lib/gcc/riscv64-unknown-linux-gnu/8.1.0/../../../../riscv64-unknown-linux-gnu/include/c++/8.1.0/riscv64-unknown-linux-gnu/lib64xthead/lp64d]
  ignore line: [ /opt/riscv/bin/../lib/gcc/riscv64-unknown-linux-gnu/8.1.0/../../../../riscv64-unknown-linux-gnu/include/c++/8.1.0/backward]
  ignore line: [ /opt/riscv/bin/../lib/gcc/riscv64-unknown-linux-gnu/8.1.0/include]
  ignore line: [ /opt/riscv/bin/../lib/gcc/riscv64-unknown-linux-gnu/8.1.0/include-fixed]
  ignore line: [ /opt/riscv/bin/../lib/gcc/riscv64-unknown-linux-gnu/8.1.0/../../../../riscv64-unknown-linux-gnu/include]
  ignore line: [ /opt/riscv/bin/../sysroot/usr/include]
  ignore line: [End of search list.]
  ignore line: [GNU C++14 (C-SKY RISCV Tools V1.8.4 B20200702) version 8.1.0 (riscv64-unknown-linux-gnu)]
  ignore line: [	compiled by GNU C version 6.4.0  GMP version 6.2.0  MPFR version 4.0.2  MPC version 1.1.0  isl version none]
  ignore line: [GGC heuristics: --param ggc-min-expand=30 --param ggc-min-heapsize=4096]
  ignore line: [Compiler executable checksum: b3b4cc578dd9751e3918117001c232cd]
  ignore line: [COLLECT_GCC_OPTIONS='-v' '-o' 'CMakeFiles/cmTC_e1062.dir/CMakeCXXCompilerABI.cpp.o' '-c' '-shared-libgcc' '-march=rv64gcxthead' '-mabi=lp64d']
  ignore line: [ /opt/riscv/bin/../lib/gcc/riscv64-unknown-linux-gnu/8.1.0/../../../../riscv64-unknown-linux-gnu/bin/as -v --traditional-format -march=rv64gcxthead -mabi=lp64d -o CMakeFiles/cmTC_e1062.dir/CMakeCXXCompilerABI.cpp.o /tmp/ccl03lgH.s]
  ignore line: [GNU assembler version 2.32 (riscv64-unknown-linux-gnu) using BFD version (GNU Binutils) 2.32]
  ignore line: [COMPILER_PATH=/opt/riscv/bin/../libexec/gcc/riscv64-unknown-linux-gnu/8.1.0/:/opt/riscv/bin/../libexec/gcc/:/opt/riscv/bin/../lib/gcc/riscv64-unknown-linux-gnu/8.1.0/../../../../riscv64-unknown-linux-gnu/bin/]
  ignore line: [LIBRARY_PATH=/opt/riscv/bin/../lib/gcc/riscv64-unknown-linux-gnu/8.1.0/lib64xthead/lp64d/:/opt/riscv/bin/../lib/gcc/riscv64-unknown-linux-gnu/8.1.0/../../../../riscv64-unknown-linux-gnu/lib/../lib64xthead/lp64d/:/opt/riscv/bin/../sysroot/lib/../lib64xthead/lp64d/:/opt/riscv/bin/../lib/gcc/riscv64-unknown-linux-gnu/8.1.0/:/opt/riscv/bin/../lib/gcc/:/opt/riscv/bin/../lib/gcc/riscv64-unknown-linux-gnu/8.1.0/../../../../riscv64-unknown-linux-gnu/lib/:/opt/riscv/bin/../sysroot/lib64xthead/lp64d/:/opt/riscv/bin/../sysroot/usr/lib64xthead/lp64d/:/opt/riscv/bin/../sysroot/lib/]
  ignore line: [COLLECT_GCC_OPTIONS='-v' '-o' 'CMakeFiles/cmTC_e1062.dir/CMakeCXXCompilerABI.cpp.o' '-c' '-shared-libgcc' '-march=rv64gcxthead' '-mabi=lp64d']
  ignore line: [Linking CXX executable cmTC_e1062]
  ignore line: [/usr/bin/cmake -E cmake_link_script CMakeFiles/cmTC_e1062.dir/link.txt --verbose=1]
  ignore line: [/usr/bin/riscv64-linux-gnu-g++      -v CMakeFiles/cmTC_e1062.dir/CMakeCXXCompilerABI.cpp.o  -o cmTC_e1062 ]
  ignore line: [Using built-in specs.]
  ignore line: [COLLECT_GCC=/usr/bin/riscv64-linux-gnu-g++]
  ignore line: [COLLECT_LTO_WRAPPER=/opt/riscv/bin/../libexec/gcc/riscv64-unknown-linux-gnu/8.1.0/lto-wrapper]
  ignore line: [Target: riscv64-unknown-linux-gnu]
  ignore line: [Configured with: /ldhome/software/toolsbuild/slave/workspace/riscv64_build_linux_x86_64/build/../source/riscv/riscv-gcc/configure --target=riscv64-unknown-linux-gnu --with-mpc=/ldhome/software/toolsbuild/slave/workspace/riscv64_build_linux_x86_64/lib-for-gcc-x86_64-linux/ --with-mpfr=/ldhome/software/toolsbuild/slave/workspace/riscv64_build_linux_x86_64/lib-for-gcc-x86_64-linux/ --with-gmp=/ldhome/software/toolsbuild/slave/workspace/riscv64_build_linux_x86_64/lib-for-gcc-x86_64-linux/ --prefix=/ldhome/software/toolsbuild/slave/workspace/riscv64_build_linux_x86_64/install --with-sysroot=/ldhome/software/toolsbuild/slave/workspace/riscv64_build_linux_x86_64/install/sysroot --with-system-zlib --enable-shared --enable-tls --enable-languages=c c++ fortran --disable-libmudflap --disable-libssp --disable-libquadmath --disable-nls --disable-bootstrap --src=../../source/riscv/riscv-gcc --enable-checking=yes --with-pkgversion='C-SKY RISCV Tools V1.8.4 B20200702' --enable-multilib --with-abi=lp64d --with-arch=rv64gcxthead 'CFLAGS_FOR_TARGET=-O2  -mcmodel=medany' 'CXXFLAGS_FOR_TARGET=-O2  -mcmodel=medany' CC=gcc CXX=g++]
  ignore line: [Thread model: posix]
  ignore line: [gcc version 8.1.0 (C-SKY RISCV Tools V1.8.4 B20200702) ]
  ignore line: [COMPILER_PATH=/opt/riscv/bin/../libexec/gcc/riscv64-unknown-linux-gnu/8.1.0/:/opt/riscv/bin/../libexec/gcc/:/opt/riscv/bin/../lib/gcc/riscv64-unknown-linux-gnu/8.1.0/../../../../riscv64-unknown-linux-gnu/bin/]
  ignore line: [LIBRARY_PATH=/opt/riscv/bin/../lib/gcc/riscv64-unknown-linux-gnu/8.1.0/lib64xthead/lp64d/:/opt/riscv/bin/../lib/gcc/riscv64-unknown-linux-gnu/8.1.0/../../../../riscv64-unknown-linux-gnu/lib/../lib64xthead/lp64d/:/opt/riscv/bin/../sysroot/lib/../lib64xthead/lp64d/:/opt/riscv/bin/../lib/gcc/riscv64-unknown-linux-gnu/8.1.0/:/opt/riscv/bin/../lib/gcc/:/opt/riscv/bin/../lib/gcc/riscv64-unknown-linux-gnu/8.1.0/../../../../riscv64-unknown-linux-gnu/lib/:/opt/riscv/bin/../sysroot/lib64xthead/lp64d/:/opt/riscv/bin/../sysroot/usr/lib64xthead/lp64d/:/opt/riscv/bin/../sysroot/lib/]
  ignore line: [COLLECT_GCC_OPTIONS='-v' '-o' 'cmTC_e1062' '-shared-libgcc' '-march=rv64gcxthead' '-mabi=lp64d']
  link line: [ /opt/riscv/bin/../libexec/gcc/riscv64-unknown-linux-gnu/8.1.0/collect2 -plugin /opt/riscv/bin/../libexec/gcc/riscv64-unknown-linux-gnu/8.1.0/liblto_plugin.so -plugin-opt=/opt/riscv/bin/../libexec/gcc/riscv64-unknown-linux-gnu/8.1.0/lto-wrapper -plugin-opt=-fresolution=/tmp/ccXOOiYW.res -plugin-opt=-pass-through=-lgcc_s -plugin-opt=-pass-through=-lgcc -plugin-opt=-pass-through=-lc -plugin-opt=-pass-through=-lgcc_s -plugin-opt=-pass-through=-lgcc --sysroot=/opt/riscv/bin/../sysroot --eh-frame-hdr -melf64lriscv -dynamic-linker /lib/ld-linux-riscv64xthead-lp64d.so.1 -o cmTC_e1062 /opt/riscv/bin/../sysroot/usr/lib64xthead/lp64d/crt1.o /opt/riscv/bin/../lib/gcc/riscv64-unknown-linux-gnu/8.1.0/lib64xthead/lp64d/crti.o /opt/riscv/bin/../lib/gcc/riscv64-unknown-linux-gnu/8.1.0/lib64xthead/lp64d/crtbegin.o -L/opt/riscv/bin/../lib/gcc/riscv64-unknown-linux-gnu/8.1.0/lib64xthead/lp64d -L/opt/riscv/bin/../lib/gcc/riscv64-unknown-linux-gnu/8.1.0/../../../../riscv64-unknown-linux-gnu/lib/../lib64xthead/lp64d -L/opt/riscv/bin/../sysroot/lib/../lib64xthead/lp64d -L/opt/riscv/bin/../lib/gcc/riscv64-unknown-linux-gnu/8.1.0 -L/opt/riscv/bin/../lib/gcc -L/opt/riscv/bin/../lib/gcc/riscv64-unknown-linux-gnu/8.1.0/../../../../riscv64-unknown-linux-gnu/lib -L/opt/riscv/bin/../sysroot/lib64xthead/lp64d -L/opt/riscv/bin/../sysroot/usr/lib64xthead/lp64d -L/opt/riscv/bin/../sysroot/lib CMakeFiles/cmTC_e1062.dir/CMakeCXXCompilerABI.cpp.o -lstdc++ -lm -lgcc_s -lgcc -lc -lgcc_s -lgcc /opt/riscv/bin/../lib/gcc/riscv64-unknown-linux-gnu/8.1.0/lib64xthead/lp64d/crtend.o /opt/riscv/bin/../lib/gcc/riscv64-unknown-linux-gnu/8.1.0/lib64xthead/lp64d/crtn.o]
    arg [/opt/riscv/bin/../libexec/gcc/riscv64-unknown-linux-gnu/8.1.0/collect2] ==> ignore
    arg [-plugin] ==> ignore
    arg [/opt/riscv/bin/../libexec/gcc/riscv64-unknown-linux-gnu/8.1.0/liblto_plugin.so] ==> ignore
    arg [-plugin-opt=/opt/riscv/bin/../libexec/gcc/riscv64-unknown-linux-gnu/8.1.0/lto-wrapper] ==> ignore
    arg [-plugin-opt=-fresolution=/tmp/ccXOOiYW.res] ==> ignore
    arg [-plugin-opt=-pass-through=-lgcc_s] ==> ignore
    arg [-plugin-opt=-pass-through=-lgcc] ==> ignore
    arg [-plugin-opt=-pass-through=-lc] ==> ignore
    arg [-plugin-opt=-pass-through=-lgcc_s] ==> ignore
    arg [-plugin-opt=-pass-through=-lgcc] ==> ignore
    arg [--sysroot=/opt/riscv/bin/../sysroot] ==> ignore
    arg [--eh-frame-hdr] ==> ignore
    arg [-melf64lriscv] ==> ignore
    arg [-dynamic-linker] ==> ignore
    arg [/lib/ld-linux-riscv64xthead-lp64d.so.1] ==> ignore
    arg [-o] ==> ignore
    arg [cmTC_e1062] ==> ignore
    arg [/opt/riscv/bin/../sysroot/usr/lib64xthead/lp64d/crt1.o] ==> ignore
    arg [/opt/riscv/bin/../lib/gcc/riscv64-unknown-linux-gnu/8.1.0/lib64xthead/lp64d/crti.o] ==> ignore
    arg [/opt/riscv/bin/../lib/gcc/riscv64-unknown-linux-gnu/8.1.0/lib64xthead/lp64d/crtbegin.o] ==> ignore
    arg [-L/opt/riscv/bin/../lib/gcc/riscv64-unknown-linux-gnu/8.1.0/lib64xthead/lp64d] ==> dir [/opt/riscv/bin/../lib/gcc/riscv64-unknown-linux-gnu/8.1.0/lib64xthead/lp64d]
    arg [-L/opt/riscv/bin/../lib/gcc/riscv64-unknown-linux-gnu/8.1.0/../../../../riscv64-unknown-linux-gnu/lib/../lib64xthead/lp64d] ==> dir [/opt/riscv/bin/../lib/gcc/riscv64-unknown-linux-gnu/8.1.0/../../../../riscv64-unknown-linux-gnu/lib/../lib64xthead/lp64d]
    arg [-L/opt/riscv/bin/../sysroot/lib/../lib64xthead/lp64d] ==> dir [/opt/riscv/bin/../sysroot/lib/../lib64xthead/lp64d]
    arg [-L/opt/riscv/bin/../lib/gcc/riscv64-unknown-linux-gnu/8.1.0] ==> dir [/opt/riscv/bin/../lib/gcc/riscv64-unknown-linux-gnu/8.1.0]
    arg [-L/opt/riscv/bin/../lib/gcc] ==> dir [/opt/riscv/bin/../lib/gcc]
    arg [-L/opt/riscv/bin/../lib/gcc/riscv64-unknown-linux-gnu/8.1.0/../../../../riscv64-unknown-linux-gnu/lib] ==> dir [/opt/riscv/bin/../lib/gcc/riscv64-unknown-linux-gnu/8.1.0/../../../../riscv64-unknown-linux-gnu/lib]
    arg [-L/opt/riscv/bin/../sysroot/lib64xthead/lp64d] ==> dir [/opt/riscv/bin/../sysroot/lib64xthead/lp64d]
    arg [-L/opt/riscv/bin/../sysroot/usr/lib64xthead/lp64d] ==> dir [/opt/riscv/bin/../sysroot/usr/lib64xthead/lp64d]
    arg [-L/opt/riscv/bin/../sysroot/lib] ==> dir [/opt/riscv/bin/../sysroot/lib]
    arg [CMakeFiles/cmTC_e1062.dir/CMakeCXXCompilerABI.cpp.o] ==> ignore
    arg [-lstdc++] ==> lib [stdc++]
    arg [-lm] ==> lib [m]
    arg [-lgcc_s] ==> lib [gcc_s]
    arg [-lgcc] ==> lib [gcc]
    arg [-lc] ==> lib [c]
    arg [-lgcc_s] ==> lib [gcc_s]
    arg [-lgcc] ==> lib [gcc]
    arg [/opt/riscv/bin/../lib/gcc/riscv64-unknown-linux-gnu/8.1.0/lib64xthead/lp64d/crtend.o] ==> ignore
    arg [/opt/riscv/bin/../lib/gcc/riscv64-unknown-linux-gnu/8.1.0/lib64xthead/lp64d/crtn.o] ==> ignore
  collapse library dir [/opt/riscv/bin/../lib/gcc/riscv64-unknown-linux-gnu/8.1.0/lib64xthead/lp64d] ==> [/opt/riscv/lib/gcc/riscv64-unknown-linux-gnu/8.1.0/lib64xthead/lp64d]
  collapse library dir [/opt/riscv/bin/../lib/gcc/riscv64-unknown-linux-gnu/8.1.0/../../../../riscv64-unknown-linux-gnu/lib/../lib64xthead/lp64d] ==> [/opt/riscv/riscv64-unknown-linux-gnu/lib64xthead/lp64d]
  collapse library dir [/opt/riscv/bin/../sysroot/lib/../lib64xthead/lp64d] ==> [/opt/riscv/sysroot/lib64xthead/lp64d]
  collapse library dir [/opt/riscv/bin/../lib/gcc/riscv64-unknown-linux-gnu/8.1.0] ==> [/opt/riscv/lib/gcc/riscv64-unknown-linux-gnu/8.1.0]
  collapse library dir [/opt/riscv/bin/../lib/gcc] ==> [/opt/riscv/lib/gcc]
  collapse library dir [/opt/riscv/bin/../lib/gcc/riscv64-unknown-linux-gnu/8.1.0/../../../../riscv64-unknown-linux-gnu/lib] ==> [/opt/riscv/riscv64-unknown-linux-gnu/lib]
  collapse library dir [/opt/riscv/bin/../sysroot/lib64xthead/lp64d] ==> [/opt/riscv/sysroot/lib64xthead/lp64d]
  collapse library dir [/opt/riscv/bin/../sysroot/usr/lib64xthead/lp64d] ==> [/opt/riscv/sysroot/usr/lib64xthead/lp64d]
  collapse library dir [/opt/riscv/bin/../sysroot/lib] ==> [/opt/riscv/sysroot/lib]
  implicit libs: [stdc++;m;gcc_s;gcc;c;gcc_s;gcc]
  implicit dirs: [/opt/riscv/lib/gcc/riscv64-unknown-linux-gnu/8.1.0/lib64xthead/lp64d;/opt/riscv/riscv64-unknown-linux-gnu/lib64xthead/lp64d;/opt/riscv/sysroot/lib64xthead/lp64d;/opt/riscv/lib/gcc/riscv64-unknown-linux-gnu/8.1.0;/opt/riscv/lib/gcc;/opt/riscv/riscv64-unknown-linux-gnu/lib;/opt/riscv/sysroot/usr/lib64xthead/lp64d;/opt/riscv/sysroot/lib]
  implicit fwks: []


Determining if the include file pthread.h exists passed with the following output:
Change Dir: /root/lv_examples/src/build/CMakeFiles/CMakeTmp

Run Build Command(s):/usr/bin/make cmTC_490a6/fast && /usr/bin/make -f CMakeFiles/cmTC_490a6.dir/build.make CMakeFiles/cmTC_490a6.dir/build
make[1]: Entering directory '/root/lv_examples/src/build/CMakeFiles/CMakeTmp'
Building C object CMakeFiles/cmTC_490a6.dir/CheckIncludeFile.c.o
/usr/bin/riscv64-linux-gnu-gcc   -fPIE   -o CMakeFiles/cmTC_490a6.dir/CheckIncludeFile.c.o   -c /root/lv_examples/src/build/CMakeFiles/CMakeTmp/CheckIncludeFile.c
Linking C executable cmTC_490a6
/usr/bin/cmake -E cmake_link_script CMakeFiles/cmTC_490a6.dir/link.txt --verbose=1
/usr/bin/riscv64-linux-gnu-gcc      CMakeFiles/cmTC_490a6.dir/CheckIncludeFile.c.o  -o cmTC_490a6 
make[1]: Leaving directory '/root/lv_examples/src/build/CMakeFiles/CMakeTmp'



Performing C++ SOURCE FILE Test protobuf_HAVE_LD_VERSION_SCRIPT succeeded with the following output:
Change Dir: /root/lv_examples/src/build/CMakeFiles/CMakeTmp

Run Build Command(s):/usr/bin/make cmTC_24aec/fast && /usr/bin/make -f CMakeFiles/cmTC_24aec.dir/build.make CMakeFiles/cmTC_24aec.dir/build
make[1]: Entering directory '/root/lv_examples/src/build/CMakeFiles/CMakeTmp'
Building CXX object CMakeFiles/cmTC_24aec.dir/src.cxx.o
/usr/bin/riscv64-linux-gnu-g++    -Dprotobuf_HAVE_LD_VERSION_SCRIPT -Wl,--version-script=/root/lv_examples/src/build/libs/protobuf/cmaketest.map   -std=gnu++2a -o CMakeFiles/cmTC_24aec.dir/src.cxx.o -c /root/lv_examples/src/build/CMakeFiles/CMakeTmp/src.cxx
Linking CXX executable cmTC_24aec
/usr/bin/cmake -E cmake_link_script CMakeFiles/cmTC_24aec.dir/link.txt --verbose=1
/usr/bin/riscv64-linux-gnu-g++   -Dprotobuf_HAVE_LD_VERSION_SCRIPT -Wl,--version-script=/root/lv_examples/src/build/libs/protobuf/cmaketest.map    CMakeFiles/cmTC_24aec.dir/src.cxx.o  -o cmTC_24aec 
make[1]: Leaving directory '/root/lv_examples/src/build/CMakeFiles/CMakeTmp'


Source file was:

    int main() {
      return 0;
    }
  
Performing C++ SOURCE FILE Test protobuf_HAVE_BUILTIN_ATOMICS succeeded with the following output:
Change Dir: /root/lv_examples/src/build/CMakeFiles/CMakeTmp

Run Build Command(s):/usr/bin/make cmTC_13023/fast && /usr/bin/make -f CMakeFiles/cmTC_13023.dir/build.make CMakeFiles/cmTC_13023.dir/build
make[1]: Entering directory '/root/lv_examples/src/build/CMakeFiles/CMakeTmp'
Building CXX object CMakeFiles/cmTC_13023.dir/src.cxx.o
/usr/bin/riscv64-linux-gnu-g++    -Dprotobuf_HAVE_BUILTIN_ATOMICS -std=c++14   -std=gnu++2a -o CMakeFiles/cmTC_13023.dir/src.cxx.o -c /root/lv_examples/src/build/CMakeFiles/CMakeTmp/src.cxx
Linking CXX executable cmTC_13023
/usr/bin/cmake -E cmake_link_script CMakeFiles/cmTC_13023.dir/link.txt --verbose=1
/usr/bin/riscv64-linux-gnu-g++   -Dprotobuf_HAVE_BUILTIN_ATOMICS -std=c++14    CMakeFiles/cmTC_13023.dir/src.cxx.o  -o cmTC_13023 
make[1]: Leaving directory '/root/lv_examples/src/build/CMakeFiles/CMakeTmp'


Source file was:

    #include <atomic>
    int main() {
      return static_cast<int>(std::atomic<int64_t>{});
    }
  
